<?xml version="1.0" encoding="UTF-8"?>
<testsuite xmlns:xsi="http://www.w3.org/2001/XMLSchema-instance" xsi:noNamespaceSchemaLocation="https://maven.apache.org/surefire/maven-surefire-plugin/xsd/surefire-test-report-3.0.xsd" version="3.0" name="com.thai27.trang_tin_tuc_v5_be.TrangtintucV4BeApplicationTests" time="14.231" tests="1" errors="0" skipped="0" failures="0">
  <properties>
[...]
</properties>
  <testcase name="contextLoads" classname="com.thai27.trang_tin_tuc_v5_be.TrangtintucV4BeApplicationTests" time="1.553">
    <system-out><![CDATA[21:04:20.296 [main] INFO org.springframework.test.context.support.AnnotationConfigContextLoaderUtils -- Could not detect default configuration classes for test class [com.thai27.trang_tin_tuc_v5_be.TrangtintucV4BeApplicationTests]: TrangtintucV4BeApplicationTests does not declare any static, non-private, non-final, nested classes annotated with @Configuration.
21:04:20.426 [main] INFO org.springframework.boot.test.context.SpringBootTestContextBootstrapper -- Found @SpringBootConfiguration com.thai27.trang_tin_tuc_v5_be.TrangtintucV5BeApplication for test class com.thai27.trang_tin_tuc_v5_be.TrangtintucV4BeApplicationTests
 ______   ______     ______     __   __     ______     ______   __     __   __     ______   __  __     ______    
/\__  _\ /\  == \   /\  __ \   /\ "-.\ \   /\  ___\   /\__  _\ /\ \   /\ "-.\ \   /\__  _\ /\ \/\ \   /\  ___\   
\/_/\ \/ \ \  __<   \ \  __ \  \ \ \-.  \  \ \ \__ \  \/_/\ \/ \ \ \  \ \ \-.  \  \/_/\ \/ \ \ \_\ \  \ \ \____  
   \ \_\  \ \_\ \_\  \ \_\ \_\  \ \_\\"\_\  \ \_____\    \ \_\  \ \_\  \ \_\\"\_\    \ \_\  \ \_____\  \ \_____\ 
    \/_/   \/_/ /_/   \/_/\/_/   \/_/ \/_/   \/_____/     \/_/   \/_/   \/_/ \/_/     \/_/   \/_____/   \/_____/ 
                                                                                                                 
2024-06-08T21:04:20.978+07:00  INFO 24340 --- [           main] c.t.t.TrangtintucV4BeApplicationTests    : Starting TrangtintucV4BeApplicationTests using Java 17.0.9 with PID 24340 (started by viett in D:\Workspace\TrangTinTuc\trang_tin_tuc_v5_be)
2024-06-08T21:04:20.981+07:00  INFO 24340 --- [           main] c.t.t.TrangtintucV4BeApplicationTests    : No active profile set, falling back to 1 default profile: "default"
2024-06-08T21:04:21.945+07:00  INFO 24340 --- [           main] .s.d.r.c.RepositoryConfigurationDelegate : Bootstrapping Spring Data JPA repositories in DEFAULT mode.
2024-06-08T21:04:22.073+07:00  INFO 24340 --- [           main] .s.d.r.c.RepositoryConfigurationDelegate : Finished Spring Data repository scanning in 113 ms. Found 6 JPA repository interfaces.
2024-06-08T21:04:22.904+07:00  INFO 24340 --- [           main] o.hibernate.jpa.internal.util.LogHelper  : HHH000204: Processing PersistenceUnitInfo [name: default]
2024-06-08T21:04:23.005+07:00  INFO 24340 --- [           main] org.hibernate.Version                    : HHH000412: Hibernate ORM core version 6.2.13.Final
2024-06-08T21:04:23.009+07:00  INFO 24340 --- [           main] org.hibernate.cfg.Environment            : HHH000406: Using bytecode reflection optimizer
2024-06-08T21:04:23.460+07:00  INFO 24340 --- [           main] o.s.o.j.p.SpringPersistenceUnitInfo      : No LoadTimeWeaver setup: ignoring JPA class transformer
2024-06-08T21:04:23.507+07:00  INFO 24340 --- [           main] com.zaxxer.hikari.HikariDataSource       : HikariPool-1 - Starting...
2024-06-08T21:04:24.957+07:00  INFO 24340 --- [           main] com.zaxxer.hikari.pool.HikariPool        : HikariPool-1 - Added connection org.postgresql.jdbc.PgConnection@6eed46e9
2024-06-08T21:04:24.960+07:00  INFO 24340 --- [           main] com.zaxxer.hikari.HikariDataSource       : HikariPool-1 - Start completed.
2024-06-08T21:04:25.106+07:00  WARN 24340 --- [           main] org.hibernate.orm.deprecation            : HHH90000025: PostgreSQLDialect does not need to be specified explicitly using 'hibernate.dialect' (remove the property setting and it will be selected by default)
2024-06-08T21:04:26.721+07:00  INFO 24340 --- [           main] o.h.e.t.j.p.i.JtaPlatformInitiator       : HHH000489: No JTA platform available (set 'hibernate.transaction.jta.platform' to enable JTA platform integration)
2024-06-08T21:04:28.926+07:00  INFO 24340 --- [           main] j.LocalContainerEntityManagerFactoryBean : Initialized JPA EntityManagerFactory for persistence unit 'default'
2024-06-08T21:04:29.597+07:00  INFO 24340 --- [           main] o.s.d.j.r.query.QueryEnhancerFactory     : Hibernate is in classpath; If applicable, HQL parser will be used.
2024-06-08T21:04:30.649+07:00  WARN 24340 --- [           main] JpaBaseConfiguration$JpaWebConfiguration : spring.jpa.open-in-view is enabled by default. Therefore, database queries may be performed during view rendering. Explicitly configure spring.jpa.open-in-view to disable this warning
2024-06-08T21:04:31.060+07:00  INFO 24340 --- [           main] o.s.s.web.DefaultSecurityFilterChain     : Will secure any request with [org.springframework.security.web.session.DisableEncodeUrlFilter@29811d4d, org.springframework.security.web.context.request.async.WebAsyncManagerIntegrationFilter@28f081ad, org.springframework.security.web.context.SecurityContextHolderFilter@620e0d36, org.springframework.security.web.header.HeaderWriterFilter@c5e7696, org.springframework.web.filter.CorsFilter@56fc2cea, org.springframework.security.web.authentication.logout.LogoutFilter@1ebb36df, com.thai27.trang_tin_tuc_v5_be.Security.JWTTokenFilter@7db70494, org.springframework.security.web.savedrequest.RequestCacheAwareFilter@3df4cd96, org.springframework.security.web.servletapi.SecurityContextHolderAwareRequestFilter@27caa186, org.springframework.security.web.authentication.AnonymousAuthenticationFilter@e30a8ef, org.springframework.security.web.session.SessionManagementFilter@1315befe, org.springframework.security.web.access.ExceptionTranslationFilter@501b15b9, org.springframework.security.web.access.intercept.AuthorizationFilter@687d31a9]
2024-06-08T21:04:32.708+07:00  INFO 24340 --- [           main] c.t.t.TrangtintucV4BeApplicationTests    : Started TrangtintucV4BeApplicationTests in 12.049 seconds (process running for 13.467)
]]></system-out>
  </testcase>
</testsuite>