<?xml version="1.0" encoding="UTF-8"?>
<testsuite xmlns:xsi="http://www.w3.org/2001/XMLSchema-instance" xsi:noNamespaceSchemaLocation="https://maven.apache.org/surefire/maven-surefire-plugin/xsd/surefire-test-report-3.0.xsd" version="3.0" name="com.thai27.trangtintuc_v4_be.TrangtintucV4BeApplicationTests" time="10.85" tests="1" errors="0" skipped="0" failures="0">
  <properties>
[...]
</properties>
  <testcase name="contextLoads" classname="com.thai27.trangtintuc_v4_be.TrangtintucV4BeApplicationTests" time="0.665">
    <system-out><![CDATA[09:19:05.935 [main] INFO org.springframework.test.context.support.AnnotationConfigContextLoaderUtils -- Could not detect default configuration classes for test class [com.thai27.trangtintuc_v4_be.TrangtintucV4BeApplicationTests]: TrangtintucV4BeApplicationTests does not declare any static, non-private, non-final, nested classes annotated with @Configuration.
09:19:06.066 [main] INFO org.springframework.boot.test.context.SpringBootTestContextBootstrapper -- Found @SpringBootConfiguration com.thai27.trangtintuc_v4_be.TrangtintucV4BeApplication for test class com.thai27.trangtintuc_v4_be.TrangtintucV4BeApplicationTests

  .   ____          _            __ _ _
 /\\ / ___'_ __ _ _(_)_ __  __ _ \ \ \ \
( ( )\___ | '_ | '_| | '_ \/ _` | \ \ \ \
 \\/  ___)| |_)| | | | | || (_| |  ) ) ) )
  '  |____| .__|_| |_|_| |_\__, | / / / /
 =========|_|==============|___/=/_/_/_/
 :: Spring Boot ::                (v3.1.5)

2024-05-26T09:19:06.630+07:00  INFO 20792 --- [           main] c.t.t.TrangtintucV4BeApplicationTests    : Starting TrangtintucV4BeApplicationTests using Java 17.0.4.1 with PID 20792 (started by viett in D:\My projects\TrangTinTuc_V4\trangtintuc_v4_be)
2024-05-26T09:19:06.632+07:00  INFO 20792 --- [           main] c.t.t.TrangtintucV4BeApplicationTests    : No active profile set, falling back to 1 default profile: "default"
2024-05-26T09:19:07.602+07:00  INFO 20792 --- [           main] .s.d.r.c.RepositoryConfigurationDelegate : Bootstrapping Spring Data JPA repositories in DEFAULT mode.
2024-05-26T09:19:07.736+07:00  INFO 20792 --- [           main] .s.d.r.c.RepositoryConfigurationDelegate : Finished Spring Data repository scanning in 103 ms. Found 5 JPA repository interfaces.
2024-05-26T09:19:08.501+07:00  INFO 20792 --- [           main] o.hibernate.jpa.internal.util.LogHelper  : HHH000204: Processing PersistenceUnitInfo [name: default]
2024-05-26T09:19:08.624+07:00  INFO 20792 --- [           main] org.hibernate.Version                    : HHH000412: Hibernate ORM core version 6.2.13.Final
2024-05-26T09:19:08.627+07:00  INFO 20792 --- [           main] org.hibernate.cfg.Environment            : HHH000406: Using bytecode reflection optimizer
2024-05-26T09:19:09.096+07:00  INFO 20792 --- [           main] o.s.o.j.p.SpringPersistenceUnitInfo      : No LoadTimeWeaver setup: ignoring JPA class transformer
2024-05-26T09:19:09.128+07:00  INFO 20792 --- [           main] com.zaxxer.hikari.HikariDataSource       : HikariPool-1 - Starting...
2024-05-26T09:19:10.444+07:00  INFO 20792 --- [           main] com.zaxxer.hikari.pool.HikariPool        : HikariPool-1 - Added connection org.postgresql.jdbc.PgConnection@3b30eec5
2024-05-26T09:19:10.450+07:00  INFO 20792 --- [           main] com.zaxxer.hikari.HikariDataSource       : HikariPool-1 - Start completed.
2024-05-26T09:19:10.606+07:00  WARN 20792 --- [           main] org.hibernate.orm.deprecation            : HHH90000025: PostgreSQLDialect does not need to be specified explicitly using 'hibernate.dialect' (remove the property setting and it will be selected by default)
2024-05-26T09:19:12.001+07:00  INFO 20792 --- [           main] o.h.e.t.j.p.i.JtaPlatformInitiator       : HHH000489: No JTA platform available (set 'hibernate.transaction.jta.platform' to enable JTA platform integration)
2024-05-26T09:19:14.010+07:00  INFO 20792 --- [           main] j.LocalContainerEntityManagerFactoryBean : Initialized JPA EntityManagerFactory for persistence unit 'default'
2024-05-26T09:19:14.457+07:00  INFO 20792 --- [           main] o.s.d.j.r.query.QueryEnhancerFactory     : Hibernate is in classpath; If applicable, HQL parser will be used.
2024-05-26T09:19:14.869+07:00  WARN 20792 --- [           main] JpaBaseConfiguration$JpaWebConfiguration : spring.jpa.open-in-view is enabled by default. Therefore, database queries may be performed during view rendering. Explicitly configure spring.jpa.open-in-view to disable this warning
2024-05-26T09:19:15.081+07:00  INFO 20792 --- [           main] o.s.s.web.DefaultSecurityFilterChain     : Will secure any request with [org.springframework.security.web.session.DisableEncodeUrlFilter@649a6d88, org.springframework.security.web.context.request.async.WebAsyncManagerIntegrationFilter@69e23e94, org.springframework.security.web.context.SecurityContextHolderFilter@5bbb0a25, org.springframework.security.web.header.HeaderWriterFilter@363d29dd, org.springframework.web.filter.CorsFilter@55c78556, org.springframework.security.web.authentication.logout.LogoutFilter@735b1ad2, com.thai27.trangtintuc_v4_be.Security.JWTTokenFilter@2784145d, org.springframework.security.web.savedrequest.RequestCacheAwareFilter@68aa1164, org.springframework.security.web.servletapi.SecurityContextHolderAwareRequestFilter@12e13abd, org.springframework.security.web.authentication.AnonymousAuthenticationFilter@25134e01, org.springframework.security.web.session.SessionManagementFilter@213bd66a, org.springframework.security.web.access.ExceptionTranslationFilter@59301546, org.springframework.security.web.access.intercept.AuthorizationFilter@9e092b5]
2024-05-26T09:19:15.846+07:00  INFO 20792 --- [           main] c.t.t.TrangtintucV4BeApplicationTests    : Started TrangtintucV4BeApplicationTests in 9.536 seconds (process running for 10.897)
]]></system-out>
  </testcase>
</testsuite>